<?xml version="1.0" encoding="UTF-8"?>
<!-- Generated by org.testng.reporters.JUnitXMLReporter -->
<testsuite hostname="LT-EONYANGO" ignored="0" name="Default test" tests="3" failures="0" timestamp="2020-06-09T15:13:16 EAT" time="85.401" errors="0">
  <testcase name="loginCreds" time="29.076" classname="formSuite.LoginWithCreds"/>
  <testcase name="loginCreds" time="28.576" classname="formSuite.LoginWithCreds"/>
  <testcase name="loginCreds" time="27.691" classname="formSuite.LoginWithCreds"/>
</testsuite> <!-- Default test -->
