<?xml version="1.0" encoding="UTF-8"?>
<!-- Generated by org.testng.reporters.JUnitXMLReporter -->
<testsuite hostname="LT-EONYANGO" ignored="0" name="Default test" tests="3" failures="0" timestamp="2020-04-30T19:41:48 EAT" time="62.291" errors="0">
  <testcase name="exitAppMessage" time="18.486" classname="formSuite.LoginPgValidations"/>
  <testcase name="loginWoName" time="24.672" classname="formSuite.LoginPgValidations"/>
  <testcase name="validateHomePg" time="16.072" classname="formSuite.LoginPgValidations"/>
</testsuite> <!-- Default test -->
