<?xml version="1.0" encoding="UTF-8"?>
<testng-results ignored="0" total="1" passed="1" failed="0" skipped="0">
  <reporter-output>
  </reporter-output>
  <suite started-at="2021-04-07T19:42:05 EAT" name="Default suite" finished-at="2021-04-07T19:43:00 EAT" duration-ms="55743">
    <groups>
    </groups>
    <test started-at="2021-04-07T19:42:05 EAT" name="Default test" finished-at="2021-04-07T19:43:00 EAT" duration-ms="55743">
      <class name="cartSuite.CheckOutCart">
        <test-method signature="completePurchase()[pri:0, instance:cartSuite.CheckOutCart@69e1dd28]" started-at="2021-04-07T19:42:05 EAT" name="completePurchase" finished-at="2021-04-07T19:43:00 EAT" duration-ms="55594" status="PASS">
          <reporter-output>
          </reporter-output>
        </test-method> <!-- completePurchase -->
      </class> <!-- cartSuite.CheckOutCart -->
    </test> <!-- Default test -->
  </suite> <!-- Default suite -->
</testng-results>
