<?xml version="1.0" encoding="UTF-8"?>
<testng-results skipped="0" failed="0" ignored="0" total="1" passed="1">
  <reporter-output>
  </reporter-output>
  <suite name="Default suite" duration-ms="31304" started-at="2020-05-14T17:41:52 EAT" finished-at="2020-05-14T17:42:24 EAT">
    <groups>
    </groups>
    <test name="Default test" duration-ms="31304" started-at="2020-05-14T17:41:52 EAT" finished-at="2020-05-14T17:42:24 EAT">
      <class name="formSuite.TestMethods">
        <test-method status="PASS" signature="killAllNodes()[pri:0, instance:formSuite.TestMethods@77f99a05]" name="killAllNodes" is-config="true" duration-ms="3011" started-at="2020-05-14T17:41:52 EAT" finished-at="2020-05-14T17:41:55 EAT">
          <reporter-output>
          </reporter-output>
        </test-method> <!-- killAllNodes -->
        <test-method status="PASS" signature="completePurchase()[pri:0, instance:formSuite.TestMethods@77f99a05]" name="completePurchase" duration-ms="28250" started-at="2020-05-14T17:41:55 EAT" finished-at="2020-05-14T17:42:24 EAT">
          <reporter-output>
          </reporter-output>
        </test-method> <!-- completePurchase -->
      </class> <!-- formSuite.TestMethods -->
    </test> <!-- Default test -->
  </suite> <!-- Default suite -->
</testng-results>
